<?xml version="1.0" encoding="UTF-8"?>
<testsuite xmlns:xsi="http://www.w3.org/2001/XMLSchema-instance" xsi:noNamespaceSchemaLocation="https://maven.apache.org/surefire/maven-surefire-plugin/xsd/surefire-test-report-3.0.xsd" version="3.0" name="TestSuite" time="158.195" tests="19" errors="0" skipped="0" failures="1">
  <properties>
[...]
</properties>
  <testcase name="homePageRedirection" classname="com.chauhan.Saurabh.HomePagetestscripts" time="0.059"/>
  <testcase name="validateProductAvilability" classname="com.chauhan.Saurabh.HomePagetestscripts" time="9.386">
    <failure message="Unable to find element with xpath == //a[text()=&apos;Matrox G200 MMS&apos;]&#10;For documentation on this error, please visit: https://www.seleniumhq.org/exceptions/no_such_element.html&#10;Build info: version: &apos;3.141.59&apos;, revision: &apos;e82be7d358&apos;, time: &apos;2018-11-14T08:17:03&apos;&#10;System info: host: &apos;ATMECSINLT-038&apos;, ip: &apos;55.55.52.193&apos;, os.name: &apos;Windows 10&apos;, os.arch: &apos;amd64&apos;, os.version: &apos;10.0&apos;, java.version: &apos;12.0.1&apos;&#10;Driver info: org.openqa.selenium.ie.InternetExplorerDriver&#10;Capabilities {acceptInsecureCerts: false, browserName: internet explorer, browserVersion: 11, javascriptEnabled: true, pageLoadStrategy: normal, platform: WINDOWS, platformName: WINDOWS, proxy: Proxy(), se:ieOptions: {browserAttachTimeout: 0, elementScrollBehavior: 0, enablePersistentHover: true, ie.browserCommandLineSwitches: , ie.ensureCleanSession: false, ie.fileUploadDialogTimeout: 3000, ie.forceCreateProcessApi: false, ignoreProtectedModeSettings: false, ignoreZoomSetting: false, initialBrowserUrl: https://www.konakart.com/ko..., nativeEvents: true, requireWindowFocus: false}, setWindowRect: true, timeouts: {implicit: 0, pageLoad: 300000, script: 30000}}&#10;Session ID: b925097c-ce89-40bf-8cbc-dfdd2ce10f45&#10;*** Element info: {Using=xpath, value=//a[text()=&apos;Matrox G200 MMS&apos;]}" type="org.openqa.selenium.NoSuchElementException">org.openqa.selenium.NoSuchElementException: 
Unable to find element with xpath == //a[text()='Matrox G200 MMS']
For documentation on this error, please visit: https://www.seleniumhq.org/exceptions/no_such_element.html
Build info: version: '3.141.59', revision: 'e82be7d358', time: '2018-11-14T08:17:03'
System info: host: 'ATMECSINLT-038', ip: '55.55.52.193', os.name: 'Windows 10', os.arch: 'amd64', os.version: '10.0', java.version: '12.0.1'
Driver info: org.openqa.selenium.ie.InternetExplorerDriver
Capabilities {acceptInsecureCerts: false, browserName: internet explorer, browserVersion: 11, javascriptEnabled: true, pageLoadStrategy: normal, platform: WINDOWS, platformName: WINDOWS, proxy: Proxy(), se:ieOptions: {browserAttachTimeout: 0, elementScrollBehavior: 0, enablePersistentHover: true, ie.browserCommandLineSwitches: , ie.ensureCleanSession: false, ie.fileUploadDialogTimeout: 3000, ie.forceCreateProcessApi: false, ignoreProtectedModeSettings: false, ignoreZoomSetting: false, initialBrowserUrl: https://www.konakart.com/ko..., nativeEvents: true, requireWindowFocus: false}, setWindowRect: true, timeouts: {implicit: 0, pageLoad: 300000, script: 30000}}
Session ID: b925097c-ce89-40bf-8cbc-dfdd2ce10f45
*** Element info: {Using=xpath, value=//a[text()='Matrox G200 MMS']}
	at com.chauhan.Saurabh.HomePagetestscripts.validateProductAvilability(HomePagetestscripts.java:63)
</failure>
    <system-out><![CDATA[logger executed
4
3
Computer Peripherals
graphics Cards
Matrox G200 MMS
Home & Garden
clock
Cadiz Clock
Games
call Of DUTY
Call Of Duty
Software
windows 8
Windows 8
CSS;select#top-cat-list
CSS;select#top-cat-list
CSS
select#top-cat-list
css
CSS;input#search-input
CSS
input#search-input
css
CSS;a#search-button
CSS
a#search-button
css
CSS;a#search-button
CSS
a#search-button
css
XPATH;//a[text()='Matrox G200 MMS']
XPATH
//a[text()='Matrox G200 MMS']
xpath
]]></system-out>
  </testcase>
  <testcase name="validateProductAvilability" classname="com.chauhan.Saurabh.HomePagetestscripts" time="4.587"/>
  <testcase name="validateProductAvilability" classname="com.chauhan.Saurabh.HomePagetestscripts" time="2.906"/>
  <testcase name="validateProductAvilability" classname="com.chauhan.Saurabh.HomePagetestscripts" time="2.791"/>
  <testcase name="validateErrorMessage" classname="com.chauhan.Saurabh.HomePagetestscripts" time="2.633"/>
  <testcase name="validateErrorMessage" classname="com.chauhan.Saurabh.HomePagetestscripts" time="2.704"/>
  <testcase name="validateMessage" classname="com.chauhan.Saurabh.HomePageComputerPeripherals" time="3.113"/>
  <testcase name="validateProductAvilability" classname="com.chauhan.Saurabh.HomePageComputerPeripherals" time="5.117"/>
  <testcase name="validatePricingSortingFunctionality" classname="com.chauhan.Saurabh.HomePageComputerPeripherals" time="14.77"/>
  <testcase name="validatePricingSortingFunctionality" classname="com.chauhan.Saurabh.HomePageComputerPeripherals" time="13.499"/>
  <testcase name="validatePricingSortingFunctionality" classname="com.chauhan.Saurabh.HomePageComputerPeripherals" time="14.212"/>
  <testcase name="validatePricingSortingFunctionality" classname="com.chauhan.Saurabh.HomePageComputerPeripherals" time="13.991"/>
  <testcase name="validatePricingSortingFunctionality" classname="com.chauhan.Saurabh.HomePageComputerPeripherals" time="14.045"/>
  <testcase name="homePageRedirection" classname="com.chauhan.Saurabh.HeroImageProducttestscripts" time="0.029"/>
  <testcase name="validateContents" classname="com.chauhan.Saurabh.HeroImageProducttestscripts" time="19.167"/>
  <testcase name="validateSortingFunctionality" classname="com.chauhan.Saurabh.HeroImageProducttestscripts" time="0.616"/>
  <testcase name="validateSortingByDate" classname="com.chauhan.Saurabh.HeroImageProducttestscripts" time="3.161"/>
  <testcase name="validateSortingByRating" classname="com.chauhan.Saurabh.HeroImageProducttestscripts" time="3.023"/>
</testsuite>