<?xml version="1.0" encoding="UTF-8"?>
<!-- Generated by org.testng.reporters.JUnitXMLReporter -->
<testsuite ignored="0" hostname="ATMECSINLT-038" failures="0" tests="5" name="HeroImageTest" time="31.438" errors="0" timestamp="16 Oct 2019 11:44:27 GMT">
  <testcase classname="com.chauhan.Saurabh.HeroImageProducttestscripts" name="homePageRedirection" time="0.029"/>
  <testcase classname="com.chauhan.Saurabh.HeroImageProducttestscripts" name="validateContents" time="19.168"/>
  <testcase classname="com.chauhan.Saurabh.HeroImageProducttestscripts" name="validateSortingFunctionality" time="0.615"/>
  <testcase classname="com.chauhan.Saurabh.HeroImageProducttestscripts" name="validateSortingByDate" time="3.16"/>
  <testcase classname="com.chauhan.Saurabh.HeroImageProducttestscripts" name="validateSortingByRating" time="3.022"/>
</testsuite> <!-- HeroImageTest -->
