<?xml version="1.0" encoding="UTF-8"?>
<!-- Generated by org.testng.reporters.JUnitXMLReporter -->
<testsuite ignored="0" hostname="ATMECSINLT-038" failures="0" tests="5" name="Default test" time="24.745" errors="0" timestamp="04 Nov 2019 08:43:43 GMT">
  <testcase classname="com.chauhan.Saurabh.GetTableData" name="getDataByNumbers" time="1.214"/>
  <testcase classname="com.chauhan.Saurabh.GetTableData" name="getPosition" time="4.396"/>
  <testcase classname="com.chauhan.Saurabh.GetTableData" name="getData" time="3.985"/>
  <testcase classname="com.chauhan.Saurabh.GetTableData" name="getRowData" time="0.912"/>
  <testcase classname="com.chauhan.Saurabh.GetTableData" name="getata" time="0.005"/>
</testsuite> <!-- Default test -->
